<?xml version="1.0" encoding="UTF-8"?>
<!-- Generated by org.testng.reporters.JUnitReportReporter -->
<testsuite hostname="arvndu" failures="0" tests="2" name="runner_file.loginrunner" time="31.593" errors="0" timestamp="2025-08-18T17:35:38 IST" skipped="0">
  <testcase classname="runner_file.loginrunner" name="runScenario" time="10.025"/>
  <system-out/>
  <testcase classname="runner_file.loginrunner" name="runScenario" time="21.568"/>
  <system-out/>
</testsuite> <!-- runner_file.loginrunner -->
